<?xml version="1.0" encoding="UTF-8"?>
<testng-results skipped="0" failed="0" ignored="0" total="1" passed="1">
  <reporter-output>
  </reporter-output>
  <suite name="Default suite" duration-ms="28037" started-at="2019-05-27T20:14:59Z" finished-at="2019-05-27T20:15:27Z">
    <groups>
    </groups>
    <test name="Default test" duration-ms="28037" started-at="2019-05-27T20:14:59Z" finished-at="2019-05-27T20:15:27Z">
      <class name="testcases.TC_001">
        <test-method status="PASS" signature="initiateDriver()[pri:0, instance:testcases.TC_001@371a67ec]" name="initiateDriver" is-config="true" duration-ms="10090" started-at="2019-05-27T20:14:59Z" finished-at="2019-05-27T20:15:09Z">
          <reporter-output>
          </reporter-output>
        </test-method> <!-- initiateDriver -->
        <test-method status="PASS" signature="tcase1()[pri:0, instance:testcases.TC_001@371a67ec]" name="tcase1" duration-ms="17924" started-at="2019-05-27T20:15:09Z" finished-at="2019-05-27T20:15:27Z">
          <reporter-output>
          </reporter-output>
        </test-method> <!-- tcase1 -->
        <test-method status="PASS" signature="closeDriver()[pri:0, instance:testcases.TC_001@371a67ec]" name="closeDriver" is-config="true" duration-ms="1" started-at="2019-05-27T20:15:27Z" finished-at="2019-05-27T20:15:27Z">
          <reporter-output>
          </reporter-output>
        </test-method> <!-- closeDriver -->
      </class> <!-- testcases.TC_001 -->
    </test> <!-- Default test -->
  </suite> <!-- Default suite -->
</testng-results>
